<?xml version="1.0" encoding="UTF-8"?>
<!-- Generated by org.testng.reporters.JUnitReportReporter -->
<testsuite hostname="TYSS-Akash-Deb" failures="0" tests="1" name="homeTest.Gmail2Test" time="6.087" errors="0" timestamp="2023-08-23T11:31:07 IST" skipped="0">
  <testcase classname="homeTest.Gmail2Test" name="demo1Test" time="6.087"/>
  <system-out/>
</testsuite> <!-- homeTest.Gmail2Test -->
