<?xml version="1.0" encoding="UTF-8"?>
<!-- Generated by org.testng.reporters.JUnitReportReporter -->
<testsuite hostname="TYSS-Akash-Deb" failures="0" tests="1" name="homeTest.ToVerifyHomePageTitle" time="15.604" errors="0" timestamp="2023-08-23T10:37:50 IST" skipped="0">
  <testcase classname="homeTest.ToVerifyHomePageTitle" name="toVerifyHomePageTitle" time="15.604"/>
  <system-out/>
</testsuite> <!-- homeTest.ToVerifyHomePageTitle -->
